<?xml version="1.0" encoding="UTF-8"?>
<testsuite xmlns:xsi="http://www.w3.org/2001/XMLSchema-instance" xsi:noNamespaceSchemaLocation="https://maven.apache.org/surefire/maven-surefire-plugin/xsd/surefire-test-report-3.0.xsd" version="3.0" name="TestSuite" time="33.076" tests="5" errors="0" skipped="0" failures="0">
  <properties>
    <property name="java.specification.version" value="14"/>
    <property name="webdriver.chrome.driver" value="/Users/lucia/.m2/repository/webdriver/chromedriver/mac64/88.0.4324.96/chromedriver"/>
    <property name="sun.jnu.encoding" value="UTF-8"/>
    <property name="java.class.path" value="/Users/lucia/AmazonSelenium/target/test-classes:/Users/lucia/AmazonSelenium/target/classes:/Users/lucia/.m2/repository/junit/junit/4.13/junit-4.13.jar:/Users/lucia/.m2/repository/org/hamcrest/hamcrest-core/1.3/hamcrest-core-1.3.jar:/Users/lucia/.m2/repository/org/seleniumhq/selenium/selenium-java/3.141.59/selenium-java-3.141.59.jar:/Users/lucia/.m2/repository/org/seleniumhq/selenium/selenium-api/3.141.59/selenium-api-3.141.59.jar:/Users/lucia/.m2/repository/org/seleniumhq/selenium/selenium-chrome-driver/3.141.59/selenium-chrome-driver-3.141.59.jar:/Users/lucia/.m2/repository/org/seleniumhq/selenium/selenium-edge-driver/3.141.59/selenium-edge-driver-3.141.59.jar:/Users/lucia/.m2/repository/org/seleniumhq/selenium/selenium-firefox-driver/3.141.59/selenium-firefox-driver-3.141.59.jar:/Users/lucia/.m2/repository/org/seleniumhq/selenium/selenium-ie-driver/3.141.59/selenium-ie-driver-3.141.59.jar:/Users/lucia/.m2/repository/org/seleniumhq/selenium/selenium-opera-driver/3.141.59/selenium-opera-driver-3.141.59.jar:/Users/lucia/.m2/repository/org/seleniumhq/selenium/selenium-remote-driver/3.141.59/selenium-remote-driver-3.141.59.jar:/Users/lucia/.m2/repository/org/seleniumhq/selenium/selenium-safari-driver/3.141.59/selenium-safari-driver-3.141.59.jar:/Users/lucia/.m2/repository/org/seleniumhq/selenium/selenium-support/3.141.59/selenium-support-3.141.59.jar:/Users/lucia/.m2/repository/net/bytebuddy/byte-buddy/1.8.15/byte-buddy-1.8.15.jar:/Users/lucia/.m2/repository/org/apache/commons/commons-exec/1.3/commons-exec-1.3.jar:/Users/lucia/.m2/repository/com/google/guava/guava/25.0-jre/guava-25.0-jre.jar:/Users/lucia/.m2/repository/com/google/code/findbugs/jsr305/1.3.9/jsr305-1.3.9.jar:/Users/lucia/.m2/repository/org/checkerframework/checker-compat-qual/2.0.0/checker-compat-qual-2.0.0.jar:/Users/lucia/.m2/repository/com/google/errorprone/error_prone_annotations/2.1.3/error_prone_annotations-2.1.3.jar:/Users/lucia/.m2/repository/com/google/j2objc/j2objc-annotations/1.1/j2objc-annotations-1.1.jar:/Users/lucia/.m2/repository/org/codehaus/mojo/animal-sniffer-annotations/1.14/animal-sniffer-annotations-1.14.jar:/Users/lucia/.m2/repository/com/squareup/okhttp3/okhttp/3.11.0/okhttp-3.11.0.jar:/Users/lucia/.m2/repository/com/squareup/okio/okio/1.14.0/okio-1.14.0.jar:/Users/lucia/.m2/repository/org/testng/testng/7.1.0/testng-7.1.0.jar:/Users/lucia/.m2/repository/com/beust/jcommander/1.72/jcommander-1.72.jar:/Users/lucia/.m2/repository/com/google/inject/guice/4.1.0/guice-4.1.0-no_aop.jar:/Users/lucia/.m2/repository/javax/inject/javax.inject/1/javax.inject-1.jar:/Users/lucia/.m2/repository/aopalliance/aopalliance/1.0/aopalliance-1.0.jar:/Users/lucia/.m2/repository/org/yaml/snakeyaml/1.21/snakeyaml-1.21.jar:/Users/lucia/.m2/repository/commons-io/commons-io/2.6/commons-io-2.6.jar:/Users/lucia/.m2/repository/org/apache/logging/log4j/log4j-api/2.13.1/log4j-api-2.13.1.jar:/Users/lucia/.m2/repository/org/apache/logging/log4j/log4j-core/2.13.1/log4j-core-2.13.1.jar:/Users/lucia/.m2/repository/org/apache/poi/poi-ooxml/4.1.2/poi-ooxml-4.1.2.jar:/Users/lucia/.m2/repository/org/apache/poi/poi-ooxml-schemas/4.1.2/poi-ooxml-schemas-4.1.2.jar:/Users/lucia/.m2/repository/org/apache/xmlbeans/xmlbeans/3.1.0/xmlbeans-3.1.0.jar:/Users/lucia/.m2/repository/org/apache/commons/commons-compress/1.19/commons-compress-1.19.jar:/Users/lucia/.m2/repository/com/github/virtuald/curvesapi/1.06/curvesapi-1.06.jar:/Users/lucia/.m2/repository/org/apache/poi/poi/4.1.2/poi-4.1.2.jar:/Users/lucia/.m2/repository/commons-codec/commons-codec/1.13/commons-codec-1.13.jar:/Users/lucia/.m2/repository/org/apache/commons/commons-collections4/4.4/commons-collections4-4.4.jar:/Users/lucia/.m2/repository/org/apache/commons/commons-math3/3.6.1/commons-math3-3.6.1.jar:/Users/lucia/.m2/repository/com/zaxxer/SparseBitSet/1.2/SparseBitSet-1.2.jar:/Users/lucia/.m2/repository/com/aventstack/extentreports/4.1.2/extentreports-4.1.2.jar:/Users/lucia/.m2/repository/org/freemarker/freemarker/2.3.29/freemarker-2.3.29.jar:/Users/lucia/.m2/repository/org/apache/httpcomponents/httpclient/4.5.2/httpclient-4.5.2.jar:/Users/lucia/.m2/repository/org/apache/httpcomponents/httpcore/4.4.4/httpcore-4.4.4.jar:/Users/lucia/.m2/repository/commons-logging/commons-logging/1.2/commons-logging-1.2.jar:/Users/lucia/.m2/repository/org/apache/httpcomponents/httpmime/4.5.2/httpmime-4.5.2.jar:/Users/lucia/.m2/repository/com/google/code/gson/gson/2.8.6/gson-2.8.6.jar:/Users/lucia/.m2/repository/org/mongodb/mongodb-driver/3.12.0/mongodb-driver-3.12.0.jar:/Users/lucia/.m2/repository/org/mongodb/mongodb-driver-core/3.12.0/mongodb-driver-core-3.12.0.jar:/Users/lucia/.m2/repository/org/mongodb/bson/3.12.0/bson-3.12.0.jar:/Users/lucia/.m2/repository/io/github/bonigarcia/webdrivermanager/4.1.0/webdrivermanager-4.1.0.jar:/Users/lucia/.m2/repository/org/apache/commons/commons-lang3/3.10/commons-lang3-3.10.jar:/Users/lucia/.m2/repository/org/apache/httpcomponents/client5/httpclient5/5.0.1/httpclient5-5.0.1.jar:/Users/lucia/.m2/repository/org/apache/httpcomponents/core5/httpcore5/5.0.1/httpcore5-5.0.1.jar:/Users/lucia/.m2/repository/org/apache/httpcomponents/core5/httpcore5-h2/5.0.1/httpcore5-h2-5.0.1.jar:/Users/lucia/.m2/repository/org/rauschig/jarchivelib/1.0.0/jarchivelib-1.0.0.jar:/Users/lucia/.m2/repository/org/jsoup/jsoup/1.13.1/jsoup-1.13.1.jar:/Users/lucia/.m2/repository/com/github/2gis/winium/winium-webdriver/0.1.0-1/winium-webdriver-0.1.0-1.jar:/Users/lucia/.m2/repository/org/slf4j/slf4j-api/1.7.5/slf4j-api-1.7.5.jar:/Users/lucia/.m2/repository/org/slf4j/slf4j-simple/1.6.4/slf4j-simple-1.6.4.jar:"/>
    <property name="java.vm.vendor" value="Oracle Corporation"/>
    <property name="sun.arch.data.model" value="64"/>
    <property name="java.vendor.url" value="https://java.oracle.com/"/>
    <property name="user.timezone" value="America/Chicago"/>
    <property name="os.name" value="Mac OS X"/>
    <property name="java.vm.specification.version" value="14"/>
    <property name="sun.java.launcher" value="SUN_STANDARD"/>
    <property name="user.country" value="US"/>
    <property name="sun.boot.library.path" value="/Users/lucia/Library/Java/JavaVirtualMachines/openjdk-14.0.1/Contents/Home/lib"/>
    <property name="sun.java.command" value="/Users/lucia/AmazonSelenium/target/surefire/surefirebooter2472722922409411437.jar /Users/lucia/AmazonSelenium/target/surefire 2021-01-24T21-29-23_700-jvmRun1 surefire5763658403627753994tmp surefire_05794462462163719448tmp"/>
    <property name="http.nonProxyHosts" value="local|*.local|169.254/16|*.169.254/16"/>
    <property name="jdk.debug" value="release"/>
    <property name="surefire.test.class.path" value="/Users/lucia/AmazonSelenium/target/test-classes:/Users/lucia/AmazonSelenium/target/classes:/Users/lucia/.m2/repository/junit/junit/4.13/junit-4.13.jar:/Users/lucia/.m2/repository/org/hamcrest/hamcrest-core/1.3/hamcrest-core-1.3.jar:/Users/lucia/.m2/repository/org/seleniumhq/selenium/selenium-java/3.141.59/selenium-java-3.141.59.jar:/Users/lucia/.m2/repository/org/seleniumhq/selenium/selenium-api/3.141.59/selenium-api-3.141.59.jar:/Users/lucia/.m2/repository/org/seleniumhq/selenium/selenium-chrome-driver/3.141.59/selenium-chrome-driver-3.141.59.jar:/Users/lucia/.m2/repository/org/seleniumhq/selenium/selenium-edge-driver/3.141.59/selenium-edge-driver-3.141.59.jar:/Users/lucia/.m2/repository/org/seleniumhq/selenium/selenium-firefox-driver/3.141.59/selenium-firefox-driver-3.141.59.jar:/Users/lucia/.m2/repository/org/seleniumhq/selenium/selenium-ie-driver/3.141.59/selenium-ie-driver-3.141.59.jar:/Users/lucia/.m2/repository/org/seleniumhq/selenium/selenium-opera-driver/3.141.59/selenium-opera-driver-3.141.59.jar:/Users/lucia/.m2/repository/org/seleniumhq/selenium/selenium-remote-driver/3.141.59/selenium-remote-driver-3.141.59.jar:/Users/lucia/.m2/repository/org/seleniumhq/selenium/selenium-safari-driver/3.141.59/selenium-safari-driver-3.141.59.jar:/Users/lucia/.m2/repository/org/seleniumhq/selenium/selenium-support/3.141.59/selenium-support-3.141.59.jar:/Users/lucia/.m2/repository/net/bytebuddy/byte-buddy/1.8.15/byte-buddy-1.8.15.jar:/Users/lucia/.m2/repository/org/apache/commons/commons-exec/1.3/commons-exec-1.3.jar:/Users/lucia/.m2/repository/com/google/guava/guava/25.0-jre/guava-25.0-jre.jar:/Users/lucia/.m2/repository/com/google/code/findbugs/jsr305/1.3.9/jsr305-1.3.9.jar:/Users/lucia/.m2/repository/org/checkerframework/checker-compat-qual/2.0.0/checker-compat-qual-2.0.0.jar:/Users/lucia/.m2/repository/com/google/errorprone/error_prone_annotations/2.1.3/error_prone_annotations-2.1.3.jar:/Users/lucia/.m2/repository/com/google/j2objc/j2objc-annotations/1.1/j2objc-annotations-1.1.jar:/Users/lucia/.m2/repository/org/codehaus/mojo/animal-sniffer-annotations/1.14/animal-sniffer-annotations-1.14.jar:/Users/lucia/.m2/repository/com/squareup/okhttp3/okhttp/3.11.0/okhttp-3.11.0.jar:/Users/lucia/.m2/repository/com/squareup/okio/okio/1.14.0/okio-1.14.0.jar:/Users/lucia/.m2/repository/org/testng/testng/7.1.0/testng-7.1.0.jar:/Users/lucia/.m2/repository/com/beust/jcommander/1.72/jcommander-1.72.jar:/Users/lucia/.m2/repository/com/google/inject/guice/4.1.0/guice-4.1.0-no_aop.jar:/Users/lucia/.m2/repository/javax/inject/javax.inject/1/javax.inject-1.jar:/Users/lucia/.m2/repository/aopalliance/aopalliance/1.0/aopalliance-1.0.jar:/Users/lucia/.m2/repository/org/yaml/snakeyaml/1.21/snakeyaml-1.21.jar:/Users/lucia/.m2/repository/commons-io/commons-io/2.6/commons-io-2.6.jar:/Users/lucia/.m2/repository/org/apache/logging/log4j/log4j-api/2.13.1/log4j-api-2.13.1.jar:/Users/lucia/.m2/repository/org/apache/logging/log4j/log4j-core/2.13.1/log4j-core-2.13.1.jar:/Users/lucia/.m2/repository/org/apache/poi/poi-ooxml/4.1.2/poi-ooxml-4.1.2.jar:/Users/lucia/.m2/repository/org/apache/poi/poi-ooxml-schemas/4.1.2/poi-ooxml-schemas-4.1.2.jar:/Users/lucia/.m2/repository/org/apache/xmlbeans/xmlbeans/3.1.0/xmlbeans-3.1.0.jar:/Users/lucia/.m2/repository/org/apache/commons/commons-compress/1.19/commons-compress-1.19.jar:/Users/lucia/.m2/repository/com/github/virtuald/curvesapi/1.06/curvesapi-1.06.jar:/Users/lucia/.m2/repository/org/apache/poi/poi/4.1.2/poi-4.1.2.jar:/Users/lucia/.m2/repository/commons-codec/commons-codec/1.13/commons-codec-1.13.jar:/Users/lucia/.m2/repository/org/apache/commons/commons-collections4/4.4/commons-collections4-4.4.jar:/Users/lucia/.m2/repository/org/apache/commons/commons-math3/3.6.1/commons-math3-3.6.1.jar:/Users/lucia/.m2/repository/com/zaxxer/SparseBitSet/1.2/SparseBitSet-1.2.jar:/Users/lucia/.m2/repository/com/aventstack/extentreports/4.1.2/extentreports-4.1.2.jar:/Users/lucia/.m2/repository/org/freemarker/freemarker/2.3.29/freemarker-2.3.29.jar:/Users/lucia/.m2/repository/org/apache/httpcomponents/httpclient/4.5.2/httpclient-4.5.2.jar:/Users/lucia/.m2/repository/org/apache/httpcomponents/httpcore/4.4.4/httpcore-4.4.4.jar:/Users/lucia/.m2/repository/commons-logging/commons-logging/1.2/commons-logging-1.2.jar:/Users/lucia/.m2/repository/org/apache/httpcomponents/httpmime/4.5.2/httpmime-4.5.2.jar:/Users/lucia/.m2/repository/com/google/code/gson/gson/2.8.6/gson-2.8.6.jar:/Users/lucia/.m2/repository/org/mongodb/mongodb-driver/3.12.0/mongodb-driver-3.12.0.jar:/Users/lucia/.m2/repository/org/mongodb/mongodb-driver-core/3.12.0/mongodb-driver-core-3.12.0.jar:/Users/lucia/.m2/repository/org/mongodb/bson/3.12.0/bson-3.12.0.jar:/Users/lucia/.m2/repository/io/github/bonigarcia/webdrivermanager/4.1.0/webdrivermanager-4.1.0.jar:/Users/lucia/.m2/repository/org/apache/commons/commons-lang3/3.10/commons-lang3-3.10.jar:/Users/lucia/.m2/repository/org/apache/httpcomponents/client5/httpclient5/5.0.1/httpclient5-5.0.1.jar:/Users/lucia/.m2/repository/org/apache/httpcomponents/core5/httpcore5/5.0.1/httpcore5-5.0.1.jar:/Users/lucia/.m2/repository/org/apache/httpcomponents/core5/httpcore5-h2/5.0.1/httpcore5-h2-5.0.1.jar:/Users/lucia/.m2/repository/org/rauschig/jarchivelib/1.0.0/jarchivelib-1.0.0.jar:/Users/lucia/.m2/repository/org/jsoup/jsoup/1.13.1/jsoup-1.13.1.jar:/Users/lucia/.m2/repository/com/github/2gis/winium/winium-webdriver/0.1.0-1/winium-webdriver-0.1.0-1.jar:/Users/lucia/.m2/repository/org/slf4j/slf4j-api/1.7.5/slf4j-api-1.7.5.jar:/Users/lucia/.m2/repository/org/slf4j/slf4j-simple/1.6.4/slf4j-simple-1.6.4.jar:"/>
    <property name="sun.cpu.endian" value="little"/>
    <property name="user.home" value="/Users/lucia"/>
    <property name="user.language" value="en"/>
    <property name="java.specification.vendor" value="Oracle Corporation"/>
    <property name="java.version.date" value="2020-04-14"/>
    <property name="java.home" value="/Users/lucia/Library/Java/JavaVirtualMachines/openjdk-14.0.1/Contents/Home"/>
    <property name="file.separator" value="/"/>
    <property name="basedir" value="/Users/lucia/AmazonSelenium"/>
    <property name="java.vm.compressedOopsMode" value="Zero based"/>
    <property name="line.separator" value="&#10;"/>
    <property name="java.vm.specification.vendor" value="Oracle Corporation"/>
    <property name="java.specification.name" value="Java Platform API Specification"/>
    <property name="surefire.real.class.path" value="/Users/lucia/AmazonSelenium/target/surefire/surefirebooter2472722922409411437.jar"/>
    <property name="BROWSER" value="chrome"/>
    <property name="sun.management.compiler" value="HotSpot 64-Bit Tiered Compilers"/>
    <property name="ftp.nonProxyHosts" value="local|*.local|169.254/16|*.169.254/16"/>
    <property name="java.runtime.version" value="14.0.1+7"/>
    <property name="user.name" value="lucia"/>
    <property name="path.separator" value=":"/>
    <property name="os.version" value="10.15.5"/>
    <property name="java.runtime.name" value="OpenJDK Runtime Environment"/>
    <property name="file.encoding" value="UTF-8"/>
    <property name="java.vm.name" value="OpenJDK 64-Bit Server VM"/>
    <property name="localRepository" value="/Users/lucia/.m2/repository"/>
    <property name="java.vendor.url.bug" value="https://bugreport.java.com/bugreport/"/>
    <property name="java.io.tmpdir" value="/var/folders/07/nz2c9mg91xlcws0jrgy7c_v00000gn/T/"/>
    <property name="java.version" value="14.0.1"/>
    <property name="user.dir" value="/Users/lucia/AmazonSelenium"/>
    <property name="os.arch" value="x86_64"/>
    <property name="java.vm.specification.name" value="Java Virtual Machine Specification"/>
    <property name="java.library.path" value="/Users/lucia/Library/Java/Extensions:/Library/Java/Extensions:/Network/Library/Java/Extensions:/System/Library/Java/Extensions:/usr/lib/java:."/>
    <property name="java.vm.info" value="mixed mode, sharing"/>
    <property name="java.vendor" value="Oracle Corporation"/>
    <property name="java.vm.version" value="14.0.1+7"/>
    <property name="sun.io.unicode.encoding" value="UnicodeBig"/>
    <property name="socksNonProxyHosts" value="local|*.local|169.254/16|*.169.254/16"/>
    <property name="java.class.version" value="58.0"/>
  </properties>
  <testcase name="searchForProduct" classname="SearchTest" time="5.83"/>
  <testcase name="verifySearchResultsAreReturned" classname="SearchTest" time="4.291"/>
  <testcase name="verifyRelevantSearchResultsAreReturned" classname="SearchTest" time="0"/>
  <testcase name="verifySpanish" classname="SiteLanguageTest" time="3.843"/>
  <testcase name="verifyEnglish" classname="SiteLanguageTest" time="4.086"/>
</testsuite>