<?xml version="1.0" encoding="UTF-8"?>
<!-- Generated by org.testng.reporters.JUnitReportReporter -->
<testsuite hostname="Lucias-MacBook-Air.local" failures="0" tests="2" name="SiteLanguageTest" time="7.931" errors="0" timestamp="2021-01-24T21:29:57 CST" skipped="0">
  <testcase classname="SiteLanguageTest" name="verifyEnglish" time="4.085"/>
  <system-out/>
  <testcase classname="SiteLanguageTest" name="verifySpanish" time="3.846"/>
  <system-out/>
</testsuite> <!-- SiteLanguageTest -->
