<?xml version="1.0" encoding="UTF-8"?>
<!-- Generated by org.testng.reporters.JUnitReportReporter -->
<testsuite hostname="Lucias-MacBook-Air.local" failures="0" tests="2" name="SiteLanguageTest" time="24.460" errors="0" timestamp="2021-01-20T18:17:21 CST" skipped="0">
  <testcase classname="SiteLanguageTest" name="verifySpanish" time="12.889"/>
  <system-out/>
  <testcase classname="SiteLanguageTest" name="verifyEnglish" time="11.571"/>
  <system-out/>
</testsuite> <!-- SiteLanguageTest -->
