<?xml version="1.0" encoding="UTF-8"?>
<!-- Generated by org.testng.reporters.JUnitReportReporter -->
<testsuite hostname="Lucias-MacBook-Air.local" failures="0" tests="3" name="SearchTest" time="10.110" errors="0" timestamp="2021-01-24T21:29:57 CST" skipped="0">
  <testcase classname="SearchTest" name="verifyRelevantSearchResultsAreReturned" time="0.001"/>
  <system-out/>
  <testcase classname="SearchTest" name="verifySearchResultsAreReturned" time="4.292"/>
  <system-out/>
  <testcase classname="SearchTest" name="searchForProduct" time="5.817"/>
  <system-out/>
</testsuite> <!-- SearchTest -->
